0 info it worked if it ends with ok
1 verbose cli [ '/home/oluwatosin/.nvm/versions/node/v6.14.4/bin/node',
1 verbose cli   '/home/oluwatosin/.nvm/versions/node/v6.14.4/bin/npm',
1 verbose cli   'run',
1 verbose cli   'build' ]
2 info using npm@3.10.10
3 info using node@v6.14.4
4 verbose run-script [ 'prebuild', 'build', 'postbuild' ]
5 info lifecycle dashboard@1.0.0~prebuild: dashboard@1.0.0
6 silly lifecycle dashboard@1.0.0~prebuild: no script for prebuild, continuing
7 info lifecycle dashboard@1.0.0~build: dashboard@1.0.0
8 verbose lifecycle dashboard@1.0.0~build: unsafe-perm in lifecycle true
9 verbose lifecycle dashboard@1.0.0~build: PATH: /home/oluwatosin/.nvm/versions/node/v6.14.4/lib/node_modules/npm/bin/node-gyp-bin:/home/oluwatosin/alx-projects/alx-react/0x02-react_props/task_4/node_modules/.bin:/home/oluwatosin/.vscode-server/bin/8b3775030ed1a69b13e4f4c628c612102e30a681/bin/remote-cli:/home/oluwatosin/.local/bin:/home/oluwatosin/.nvm/versions/node/v6.14.4/bin:/usr/local/sbin:/usr/local/bin:/usr/sbin:/usr/bin:/sbin:/bin:/usr/games:/usr/local/games:/usr/lib/wsl/lib:/mnt/c/Program Files/WindowsApps/CanonicalGroupLimited.Ubuntu20.04LTS_2004.6.16.0_x64__79rhkp1fndgsc:/mnt/c/Program Files (x86)/NVIDIA Corporation/PhysX/Common:/mnt/c/WINDOWS/system32:/mnt/c/WINDOWS:/mnt/c/WINDOWS/System32/Wbem:/mnt/c/WINDOWS/System32/WindowsPowerShell/v1.0/:/mnt/c/WINDOWS/System32/OpenSSH/:/mnt/c/Program Files/Microsoft SQL Server/Client SDK/ODBC/110/Tools/Binn/:/mnt/c/Program Files (x86)/Microsoft SQL Server/120/Tools/Binn/:/mnt/c/Program Files/Microsoft SQL Server/120/Tools/Binn/:/mnt/c/Program Files/Microsoft SQL Server/120/DTS/Binn/:/mnt/c/Program Files (x86)/Windows Kits/8.1/Windows Performance Toolkit/:/mnt/c/Program Files/nodejs/:/mnt/c/Program Files (x86)/Vim/vim90/:/mnt/c/Program Files/Git/cmd:/mnt/c/Program Files/PuTTY/:/mnt/c/Users/USER/AppData/Local/Programs/Python/Python311/Scripts/:/mnt/c/Users/USER/AppData/Local/Programs/Python/Python311/:/mnt/c/Users/USER/AppData/Local/Programs/Python/Python310/Scripts/:/mnt/c/Users/USER/AppData/Local/Programs/Python/Python310/:/mnt/c/Users/USER/AppData/Local/Microsoft/WindowsApps:/mnt/c/Users/USER/AppData/Local/atom/bin:/mnt/c/Users/USER/AppData/Local/Programs/Microsoft VS Code/bin:/mnt/c/Users/USER/AppData/Roaming/npm:/mnt/c/Program Files/Tesseract-OCR:/snap/bin
10 verbose lifecycle dashboard@1.0.0~build: CWD: /home/oluwatosin/alx-projects/alx-react/0x02-react_props/task_4
11 silly lifecycle dashboard@1.0.0~build: Args: [ '-c', 'webpack --mode production' ]
12 silly lifecycle dashboard@1.0.0~build: Returned: code: 1  signal: null
13 info lifecycle dashboard@1.0.0~build: Failed to exec build script
14 verbose stack Error: dashboard@1.0.0 build: `webpack --mode production`
14 verbose stack Exit status 1
14 verbose stack     at EventEmitter.<anonymous> (/home/oluwatosin/.nvm/versions/node/v6.14.4/lib/node_modules/npm/lib/utils/lifecycle.js:255:16)
14 verbose stack     at emitTwo (events.js:106:13)
14 verbose stack     at EventEmitter.emit (events.js:191:7)
14 verbose stack     at ChildProcess.<anonymous> (/home/oluwatosin/.nvm/versions/node/v6.14.4/lib/node_modules/npm/lib/utils/spawn.js:40:14)
14 verbose stack     at emitTwo (events.js:106:13)
14 verbose stack     at ChildProcess.emit (events.js:191:7)
14 verbose stack     at maybeClose (internal/child_process.js:920:16)
14 verbose stack     at Process.ChildProcess._handle.onexit (internal/child_process.js:230:5)
15 verbose pkgid dashboard@1.0.0
16 verbose cwd /home/oluwatosin/alx-projects/alx-react/0x02-react_props/task_4
17 error Linux 5.10.16.3-microsoft-standard-WSL2
18 error argv "/home/oluwatosin/.nvm/versions/node/v6.14.4/bin/node" "/home/oluwatosin/.nvm/versions/node/v6.14.4/bin/npm" "run" "build"
19 error node v6.14.4
20 error npm  v3.10.10
21 error code ELIFECYCLE
22 error dashboard@1.0.0 build: `webpack --mode production`
22 error Exit status 1
23 error Failed at the dashboard@1.0.0 build script 'webpack --mode production'.
23 error Make sure you have the latest version of node.js and npm installed.
23 error If you do, this is most likely a problem with the dashboard package,
23 error not with npm itself.
23 error Tell the author that this fails on your system:
23 error     webpack --mode production
23 error You can get information on how to open an issue for this project with:
23 error     npm bugs dashboard
23 error Or if that isn't available, you can get their info via:
23 error     npm owner ls dashboard
23 error There is likely additional logging output above.
24 verbose exit [ 1, true ]
